Copyright 1986-2017 Xilinx, Inc. All Rights Reserved.
----------------------------------------------------------------------------------------
| Tool Version : Vivado v.2017.4 (win64) Build 2086221 Fri Dec 15 20:55:39 MST 2017
| Date         : Wed Jun 17 13:07:35 2020
| Host         : DESKTOP-263ISBT running 64-bit major release  (build 9200)
| Command      : report_control_sets -verbose -file mcu_wrapper_control_sets_placed.rpt
| Design       : mcu_wrapper
| Device       : xc7z020
----------------------------------------------------------------------------------------

Control Set Information

Table of Contents
-----------------
1. Summary
2. Flip-Flop Distribution
3. Detailed Control Set Information

1. Summary
----------

+----------------------------------------------------------+-------+
|                          Status                          | Count |
+----------------------------------------------------------+-------+
| Number of unique control sets                            |   250 |
| Unused register locations in slices containing registers |  1120 |
+----------------------------------------------------------+-------+


2. Flip-Flop Distribution
-------------------------

+--------------+-----------------------+------------------------+-----------------+--------------+
| Clock Enable | Synchronous Set/Reset | Asynchronous Set/Reset | Total Registers | Total Slices |
+--------------+-----------------------+------------------------+-----------------+--------------+
| No           | No                    | No                     |             525 |          190 |
| No           | No                    | Yes                    |              64 |           64 |
| No           | Yes                   | No                     |             652 |          241 |
| Yes          | No                    | No                     |            1310 |          377 |
| Yes          | No                    | Yes                    |               0 |            0 |
| Yes          | Yes                   | No                     |             513 |          132 |
+--------------+-----------------------+------------------------+-----------------+--------------+


3. Detailed Control Set Information
-----------------------------------

+--------------------------------------------+-----------------------------------------------------------------------------------------------------------------------------------------------------------+-------------------------------------------------------------------------------------------------------------------------+------------------+----------------+
|                Clock Signal                |                                                                       Enable Signal                                                                       |                                                     Set/Reset Signal                                                    | Slice Load Count | Bel Load Count |
+--------------------------------------------+-----------------------------------------------------------------------------------------------------------------------------------------------------------+-------------------------------------------------------------------------------------------------------------------------+------------------+----------------+
|  mcu_i/hash_0/inst/h_reg[0]_LDC_i_1_n_0    |                                                                                                                                                           | mcu_i/hash_0/inst/h_reg[0]_LDC_i_2_n_0                                                                                  |                1 |              1 |
|  mcu_i/hash_0/inst/h_reg[14]_LDC_i_1_n_0   |                                                                                                                                                           | mcu_i/hash_0/inst/h_reg[14]_LDC_i_2_n_0                                                                                 |                1 |              1 |
|  mcu_i/hash_0/inst/h_reg[16]_LDC_i_1_n_0   |                                                                                                                                                           | mcu_i/hash_0/inst/h_reg[16]_LDC_i_2_n_0                                                                                 |                1 |              1 |
|  mcu_i/hash_0/inst/h_reg[11]_LDC_i_1_n_0   |                                                                                                                                                           | mcu_i/hash_0/inst/h_reg[11]_LDC_i_2_n_0                                                                                 |                1 |              1 |
|  mcu_i/hash_0/inst/h_reg[12]_LDC_i_1_n_0   |                                                                                                                                                           | mcu_i/hash_0/inst/h_reg[12]_LDC_i_2_n_0                                                                                 |                1 |              1 |
|  mcu_i/hash_0/inst/h_reg[10]_LDC_i_1_n_0   |                                                                                                                                                           | mcu_i/hash_0/inst/h_reg[10]_LDC_i_2_n_0                                                                                 |                1 |              1 |
|  mcu_i/hash_0/inst/h_reg[13]_LDC_i_1_n_0   |                                                                                                                                                           | mcu_i/hash_0/inst/h_reg[13]_LDC_i_2_n_0                                                                                 |                1 |              1 |
|  mcu_i/hash_0/inst/h_reg[15]_LDC_i_1_n_0   |                                                                                                                                                           | mcu_i/hash_0/inst/h_reg[15]_LDC_i_2_n_0                                                                                 |                1 |              1 |
|  mcu_i/hash_0/inst/h_reg[27]_LDC_i_1_n_0   |                                                                                                                                                           | mcu_i/hash_0/inst/h_reg[27]_LDC_i_2_n_0                                                                                 |                1 |              1 |
|  mcu_i/hash_0/inst/h_reg[28]_LDC_i_1_n_0   |                                                                                                                                                           | mcu_i/hash_0/inst/h_reg[28]_LDC_i_2_n_0                                                                                 |                1 |              1 |
|  mcu_i/hash_0/inst/h_reg[17]_LDC_i_1_n_0   |                                                                                                                                                           | mcu_i/hash_0/inst/h_reg[17]_LDC_i_2_n_0                                                                                 |                1 |              1 |
|  mcu_i/hash_0/inst/h_reg[21]_LDC_i_1_n_0   |                                                                                                                                                           | mcu_i/hash_0/inst/h_reg[21]_LDC_i_2_n_0                                                                                 |                1 |              1 |
|  mcu_i/hash_0/inst/h_reg[18]_LDC_i_1_n_0   |                                                                                                                                                           | mcu_i/hash_0/inst/h_reg[18]_LDC_i_2_n_0                                                                                 |                1 |              1 |
|  mcu_i/hash_0/inst/h_reg[24]_LDC_i_1_n_0   |                                                                                                                                                           | mcu_i/hash_0/inst/h_reg[24]_LDC_i_2_n_0                                                                                 |                1 |              1 |
|  mcu_i/hash_0/inst/h_reg[1]_LDC_i_1_n_0    |                                                                                                                                                           | mcu_i/hash_0/inst/h_reg[1]_LDC_i_2_n_0                                                                                  |                1 |              1 |
|  mcu_i/hash_0/inst/h_reg[20]_LDC_i_1_n_0   |                                                                                                                                                           | mcu_i/hash_0/inst/h_reg[20]_LDC_i_2_n_0                                                                                 |                1 |              1 |
|  mcu_i/hash_0/inst/h_reg[23]_LDC_i_1_n_0   |                                                                                                                                                           | mcu_i/hash_0/inst/h_reg[23]_LDC_i_2_n_0                                                                                 |                1 |              1 |
|  mcu_i/hash_0/inst/h_reg[19]_LDC_i_1_n_0   |                                                                                                                                                           | mcu_i/hash_0/inst/h_reg[19]_LDC_i_2_n_0                                                                                 |                1 |              1 |
|  mcu_i/hash_0/inst/h_reg[25]_LDC_i_1_n_0   |                                                                                                                                                           | mcu_i/hash_0/inst/h_reg[25]_LDC_i_2_n_0                                                                                 |                1 |              1 |
|  mcu_i/hash_0/inst/h_reg[22]_LDC_i_1_n_0   |                                                                                                                                                           | mcu_i/hash_0/inst/h_reg[22]_LDC_i_2_n_0                                                                                 |                1 |              1 |
|  mcu_i/hash_0/inst/h_reg[26]_LDC_i_1_n_0   |                                                                                                                                                           | mcu_i/hash_0/inst/h_reg[26]_LDC_i_2_n_0                                                                                 |                1 |              1 |
|  mcu_i/hash_0/inst/h_reg[2]_LDC_i_1_n_0    |                                                                                                                                                           | mcu_i/hash_0/inst/h_reg[2]_LDC_i_2_n_0                                                                                  |                1 |              1 |
|  mcu_i/hash_0/inst/h_reg[30]_LDC_i_1_n_0   |                                                                                                                                                           | mcu_i/hash_0/inst/h_reg[30]_LDC_i_2_n_0                                                                                 |                1 |              1 |
|  mcu_i/hash_0/inst/h_reg[29]_LDC_i_1_n_0   |                                                                                                                                                           | mcu_i/hash_0/inst/h_reg[29]_LDC_i_2_n_0                                                                                 |                1 |              1 |
|  mcu_i/hash_0/inst/h_reg[3]_LDC_i_1_n_0    |                                                                                                                                                           | mcu_i/hash_0/inst/h_reg[3]_LDC_i_2_n_0                                                                                  |                1 |              1 |
|  mcu_i/hash_0/inst/h_reg[7]_LDC_i_1_n_0    |                                                                                                                                                           | mcu_i/hash_0/inst/h_reg[7]_LDC_i_2_n_0                                                                                  |                1 |              1 |
|  mcu_i/hash_0/inst/h_reg[9]_LDC_i_1_n_0    |                                                                                                                                                           | mcu_i/hash_0/inst/h_reg[9]_LDC_i_2_n_0                                                                                  |                1 |              1 |
|  mcu_i/hash_0/inst/h_reg[5]_LDC_i_1_n_0    |                                                                                                                                                           | mcu_i/hash_0/inst/h_reg[5]_LDC_i_2_n_0                                                                                  |                1 |              1 |
|  mcu_i/hash_0/inst/h_reg[4]_LDC_i_1_n_0    |                                                                                                                                                           | mcu_i/hash_0/inst/h_reg[4]_LDC_i_2_n_0                                                                                  |                1 |              1 |
|  mcu_i/hash_0/inst/h_reg[31]_LDC_i_1_n_0   |                                                                                                                                                           | mcu_i/hash_0/inst/h_reg[31]_LDC_i_2_n_0                                                                                 |                1 |              1 |
|  mcu_i/hash_0/inst/h_reg[6]_LDC_i_1_n_0    |                                                                                                                                                           | mcu_i/hash_0/inst/h_reg[6]_LDC_i_2_n_0                                                                                  |                1 |              1 |
|  mcu_i/hash_0/inst/h_reg[8]_LDC_i_1_n_0    |                                                                                                                                                           | mcu_i/hash_0/inst/h_reg[8]_LDC_i_2_n_0                                                                                  |                1 |              1 |
|  mcu_i/processing_system7_0/inst/FCLK_CLK0 | mcu_i/ps7_0_axi_periph/m02_couplers/auto_pc/inst/gen_axilite.gen_b2s_conv.axilite_b2s/RD.r_channel_0/r_push_r                                             |                                                                                                                         |                1 |              1 |
|  mcu_i/processing_system7_0/inst/FCLK_CLK0 | mcu_i/ps7_0_axi_periph/m05_couplers/auto_pc/inst/gen_axilite.gen_b2s_conv.axilite_b2s/RD.r_channel_0/r_push_r                                             |                                                                                                                         |                1 |              1 |
|  mcu_i/processing_system7_0/inst/FCLK_CLK0 | mcu_i/ps7_0_axi_periph/m04_couplers/auto_pc/inst/gen_axilite.gen_b2s_conv.axilite_b2s/RD.r_channel_0/r_push_r                                             |                                                                                                                         |                1 |              1 |
|  mcu_i/processing_system7_0/inst/FCLK_CLK0 | mcu_i/ps7_0_axi_periph/m01_couplers/auto_pc/inst/gen_axilite.gen_b2s_conv.axilite_b2s/RD.r_channel_0/r_push_r                                             |                                                                                                                         |                1 |              1 |
|  mcu_i/processing_system7_0/inst/FCLK_CLK0 |                                                                                                                                                           | mcu_i/hash_0/inst/h_reg[14]_LDC_i_2_n_0                                                                                 |                1 |              1 |
|  mcu_i/processing_system7_0/inst/FCLK_CLK0 |                                                                                                                                                           | mcu_i/hash_0/inst/h_reg[16]_LDC_i_2_n_0                                                                                 |                1 |              1 |
|  mcu_i/processing_system7_0/inst/FCLK_CLK0 |                                                                                                                                                           | mcu_i/hash_0/inst/h_reg[0]_LDC_i_1_n_0                                                                                  |                1 |              1 |
|  mcu_i/processing_system7_0/inst/FCLK_CLK0 |                                                                                                                                                           | mcu_i/hash_0/inst/h_reg[14]_LDC_i_1_n_0                                                                                 |                1 |              1 |
|  mcu_i/processing_system7_0/inst/FCLK_CLK0 |                                                                                                                                                           | mcu_i/hash_0/inst/h_reg[16]_LDC_i_1_n_0                                                                                 |                1 |              1 |
|  mcu_i/processing_system7_0/inst/FCLK_CLK0 |                                                                                                                                                           | mcu_i/hash_0/inst/h_reg[11]_LDC_i_1_n_0                                                                                 |                1 |              1 |
|  mcu_i/processing_system7_0/inst/FCLK_CLK0 |                                                                                                                                                           | mcu_i/hash_0/inst/h_reg[12]_LDC_i_1_n_0                                                                                 |                1 |              1 |
|  mcu_i/processing_system7_0/inst/FCLK_CLK0 |                                                                                                                                                           | mcu_i/hash_0/inst/h_reg[10]_LDC_i_1_n_0                                                                                 |                1 |              1 |
|  mcu_i/processing_system7_0/inst/FCLK_CLK0 |                                                                                                                                                           | mcu_i/hash_0/inst/h_reg[12]_LDC_i_2_n_0                                                                                 |                1 |              1 |
|  mcu_i/processing_system7_0/inst/FCLK_CLK0 |                                                                                                                                                           | mcu_i/hash_0/inst/h_reg[13]_LDC_i_2_n_0                                                                                 |                1 |              1 |
|  mcu_i/processing_system7_0/inst/FCLK_CLK0 |                                                                                                                                                           | mcu_i/hash_0/inst/h_reg[10]_LDC_i_2_n_0                                                                                 |                1 |              1 |
|  mcu_i/processing_system7_0/inst/FCLK_CLK0 |                                                                                                                                                           | mcu_i/hash_0/inst/h_reg[11]_LDC_i_2_n_0                                                                                 |                1 |              1 |
|  mcu_i/processing_system7_0/inst/FCLK_CLK0 |                                                                                                                                                           | mcu_i/hash_0/inst/h_reg[0]_LDC_i_2_n_0                                                                                  |                1 |              1 |
|  mcu_i/processing_system7_0/inst/FCLK_CLK0 |                                                                                                                                                           | mcu_i/hash_0/inst/h_reg[13]_LDC_i_1_n_0                                                                                 |                1 |              1 |
|  mcu_i/processing_system7_0/inst/FCLK_CLK0 |                                                                                                                                                           | mcu_i/hash_0/inst/h_reg[15]_LDC_i_1_n_0                                                                                 |                1 |              1 |
|  mcu_i/processing_system7_0/inst/FCLK_CLK0 |                                                                                                                                                           | mcu_i/hash_0/inst/h_reg[15]_LDC_i_2_n_0                                                                                 |                1 |              1 |
|  mcu_i/processing_system7_0/inst/FCLK_CLK0 |                                                                                                                                                           | mcu_i/hash_0/inst/h_reg[23]_LDC_i_2_n_0                                                                                 |                1 |              1 |
|  mcu_i/processing_system7_0/inst/FCLK_CLK0 |                                                                                                                                                           | mcu_i/hash_0/inst/h_reg[27]_LDC_i_1_n_0                                                                                 |                1 |              1 |
|  mcu_i/processing_system7_0/inst/FCLK_CLK0 |                                                                                                                                                           | mcu_i/hash_0/inst/h_reg[24]_LDC_i_2_n_0                                                                                 |                1 |              1 |
|  mcu_i/processing_system7_0/inst/FCLK_CLK0 |                                                                                                                                                           | mcu_i/hash_0/inst/h_reg[27]_LDC_i_2_n_0                                                                                 |                1 |              1 |
|  mcu_i/processing_system7_0/inst/FCLK_CLK0 |                                                                                                                                                           | mcu_i/hash_0/inst/h_reg[28]_LDC_i_1_n_0                                                                                 |                1 |              1 |
|  mcu_i/processing_system7_0/inst/FCLK_CLK0 |                                                                                                                                                           | mcu_i/hash_0/inst/h_reg[28]_LDC_i_2_n_0                                                                                 |                1 |              1 |
|  mcu_i/processing_system7_0/inst/FCLK_CLK0 |                                                                                                                                                           | mcu_i/hash_0/inst/h_reg[20]_LDC_i_2_n_0                                                                                 |                1 |              1 |
|  mcu_i/processing_system7_0/inst/FCLK_CLK0 |                                                                                                                                                           | mcu_i/hash_0/inst/h_reg[17]_LDC_i_1_n_0                                                                                 |                1 |              1 |
|  mcu_i/processing_system7_0/inst/FCLK_CLK0 |                                                                                                                                                           | mcu_i/hash_0/inst/h_reg[21]_LDC_i_1_n_0                                                                                 |                1 |              1 |
|  mcu_i/processing_system7_0/inst/FCLK_CLK0 |                                                                                                                                                           | mcu_i/hash_0/inst/h_reg[18]_LDC_i_1_n_0                                                                                 |                1 |              1 |
|  mcu_i/processing_system7_0/inst/FCLK_CLK0 |                                                                                                                                                           | mcu_i/hash_0/inst/h_reg[24]_LDC_i_1_n_0                                                                                 |                1 |              1 |
|  mcu_i/processing_system7_0/inst/FCLK_CLK0 |                                                                                                                                                           | mcu_i/hash_0/inst/h_reg[19]_LDC_i_2_n_0                                                                                 |                1 |              1 |
|  mcu_i/processing_system7_0/inst/FCLK_CLK0 |                                                                                                                                                           | mcu_i/hash_0/inst/h_reg[18]_LDC_i_2_n_0                                                                                 |                1 |              1 |
|  mcu_i/processing_system7_0/inst/FCLK_CLK0 |                                                                                                                                                           | mcu_i/hash_0/inst/h_reg[1]_LDC_i_1_n_0                                                                                  |                1 |              1 |
|  mcu_i/processing_system7_0/inst/FCLK_CLK0 |                                                                                                                                                           | mcu_i/hash_0/inst/h_reg[20]_LDC_i_1_n_0                                                                                 |                1 |              1 |
|  mcu_i/processing_system7_0/inst/FCLK_CLK0 |                                                                                                                                                           | mcu_i/hash_0/inst/h_reg[21]_LDC_i_2_n_0                                                                                 |                1 |              1 |
|  mcu_i/processing_system7_0/inst/FCLK_CLK0 |                                                                                                                                                           | mcu_i/hash_0/inst/h_reg[1]_LDC_i_2_n_0                                                                                  |                1 |              1 |
|  mcu_i/processing_system7_0/inst/FCLK_CLK0 |                                                                                                                                                           | mcu_i/hash_0/inst/h_reg[23]_LDC_i_1_n_0                                                                                 |                1 |              1 |
|  mcu_i/processing_system7_0/inst/FCLK_CLK0 |                                                                                                                                                           | mcu_i/hash_0/inst/h_reg[19]_LDC_i_1_n_0                                                                                 |                1 |              1 |
|  mcu_i/processing_system7_0/inst/FCLK_CLK0 |                                                                                                                                                           | mcu_i/hash_0/inst/h_reg[22]_LDC_i_2_n_0                                                                                 |                1 |              1 |
|  mcu_i/processing_system7_0/inst/FCLK_CLK0 |                                                                                                                                                           | mcu_i/hash_0/inst/h_reg[25]_LDC_i_1_n_0                                                                                 |                1 |              1 |
|  mcu_i/processing_system7_0/inst/FCLK_CLK0 |                                                                                                                                                           | mcu_i/hash_0/inst/h_reg[25]_LDC_i_2_n_0                                                                                 |                1 |              1 |
|  mcu_i/processing_system7_0/inst/FCLK_CLK0 |                                                                                                                                                           | mcu_i/hash_0/inst/h_reg[22]_LDC_i_1_n_0                                                                                 |                1 |              1 |
|  mcu_i/processing_system7_0/inst/FCLK_CLK0 |                                                                                                                                                           | mcu_i/hash_0/inst/h_reg[26]_LDC_i_1_n_0                                                                                 |                1 |              1 |
|  mcu_i/processing_system7_0/inst/FCLK_CLK0 |                                                                                                                                                           | mcu_i/hash_0/inst/h_reg[26]_LDC_i_2_n_0                                                                                 |                1 |              1 |
|  mcu_i/processing_system7_0/inst/FCLK_CLK0 |                                                                                                                                                           | mcu_i/hash_0/inst/h_reg[17]_LDC_i_2_n_0                                                                                 |                1 |              1 |
|  mcu_i/processing_system7_0/inst/FCLK_CLK0 |                                                                                                                                                           | mcu_i/hash_0/inst/h_reg[2]_LDC_i_2_n_0                                                                                  |                1 |              1 |
|  mcu_i/processing_system7_0/inst/FCLK_CLK0 |                                                                                                                                                           | mcu_i/hash_0/inst/h_reg[2]_LDC_i_1_n_0                                                                                  |                1 |              1 |
|  mcu_i/processing_system7_0/inst/FCLK_CLK0 |                                                                                                                                                           | mcu_i/hash_0/inst/h_reg[30]_LDC_i_1_n_0                                                                                 |                1 |              1 |
|  mcu_i/processing_system7_0/inst/FCLK_CLK0 |                                                                                                                                                           | mcu_i/hash_0/inst/h_reg[29]_LDC_i_1_n_0                                                                                 |                1 |              1 |
|  mcu_i/processing_system7_0/inst/FCLK_CLK0 |                                                                                                                                                           | mcu_i/hash_0/inst/h_reg[29]_LDC_i_2_n_0                                                                                 |                1 |              1 |
|  mcu_i/processing_system7_0/inst/FCLK_CLK0 |                                                                                                                                                           | mcu_i/hash_0/inst/h_reg[4]_LDC_i_2_n_0                                                                                  |                1 |              1 |
|  mcu_i/processing_system7_0/inst/FCLK_CLK0 |                                                                                                                                                           | mcu_i/hash_0/inst/h_reg[3]_LDC_i_1_n_0                                                                                  |                1 |              1 |
|  mcu_i/processing_system7_0/inst/FCLK_CLK0 |                                                                                                                                                           | mcu_i/hash_0/inst/h_reg[5]_LDC_i_2_n_0                                                                                  |                1 |              1 |
|  mcu_i/processing_system7_0/inst/FCLK_CLK0 |                                                                                                                                                           | mcu_i/hash_0/inst/h_reg[7]_LDC_i_1_n_0                                                                                  |                1 |              1 |
|  mcu_i/processing_system7_0/inst/FCLK_CLK0 |                                                                                                                                                           | mcu_i/hash_0/inst/h_reg[9]_LDC_i_1_n_0                                                                                  |                1 |              1 |
|  mcu_i/processing_system7_0/inst/FCLK_CLK0 |                                                                                                                                                           | mcu_i/hash_0/inst/h_reg[5]_LDC_i_1_n_0                                                                                  |                1 |              1 |
|  mcu_i/processing_system7_0/inst/FCLK_CLK0 |                                                                                                                                                           | mcu_i/hash_0/inst/h_reg[30]_LDC_i_2_n_0                                                                                 |                1 |              1 |
|  mcu_i/processing_system7_0/inst/FCLK_CLK0 |                                                                                                                                                           | mcu_i/hash_0/inst/h_reg[4]_LDC_i_1_n_0                                                                                  |                1 |              1 |
|  mcu_i/processing_system7_0/inst/FCLK_CLK0 |                                                                                                                                                           | mcu_i/hash_0/inst/h_reg[6]_LDC_i_2_n_0                                                                                  |                1 |              1 |
|  mcu_i/processing_system7_0/inst/FCLK_CLK0 |                                                                                                                                                           | mcu_i/hash_0/inst/h_reg[31]_LDC_i_1_n_0                                                                                 |                1 |              1 |
|  mcu_i/processing_system7_0/inst/FCLK_CLK0 |                                                                                                                                                           | mcu_i/hash_0/inst/h_reg[31]_LDC_i_2_n_0                                                                                 |                1 |              1 |
|  mcu_i/processing_system7_0/inst/FCLK_CLK0 |                                                                                                                                                           | mcu_i/hash_0/inst/h_reg[8]_LDC_i_2_n_0                                                                                  |                1 |              1 |
|  mcu_i/processing_system7_0/inst/FCLK_CLK0 |                                                                                                                                                           | mcu_i/hash_0/inst/h_reg[3]_LDC_i_2_n_0                                                                                  |                1 |              1 |
|  mcu_i/processing_system7_0/inst/FCLK_CLK0 |                                                                                                                                                           | mcu_i/hash_0/inst/h_reg[6]_LDC_i_1_n_0                                                                                  |                1 |              1 |
|  mcu_i/processing_system7_0/inst/FCLK_CLK0 |                                                                                                                                                           | mcu_i/hash_0/inst/h_reg[9]_LDC_i_2_n_0                                                                                  |                1 |              1 |
|  mcu_i/processing_system7_0/inst/FCLK_CLK0 |                                                                                                                                                           | mcu_i/hash_0/inst/h_reg[8]_LDC_i_1_n_0                                                                                  |                1 |              1 |
|  mcu_i/processing_system7_0/inst/FCLK_CLK0 |                                                                                                                                                           | mcu_i/hash_0/inst/h_reg[7]_LDC_i_2_n_0                                                                                  |                1 |              1 |
|  mcu_i/processing_system7_0/inst/FCLK_CLK0 | mcu_i/ps7_0_axi_periph/m00_couplers/auto_pc/inst/gen_axilite.gen_b2s_conv.axilite_b2s/RD.r_channel_0/r_push_r                                             |                                                                                                                         |                1 |              1 |
|  mcu_i/processing_system7_0/inst/FCLK_CLK0 | mcu_i/ps7_0_axi_periph/m01_couplers/auto_pc/inst/gen_axilite.gen_b2s_conv.axilite_b2s/WR.b_channel_0/bid_fifo_0/bresp_push                                |                                                                                                                         |                1 |              2 |
|  mcu_i/processing_system7_0/inst/FCLK_CLK0 | mcu_i/ps7_0_axi_periph/m04_couplers/auto_pc/inst/gen_axilite.gen_b2s_conv.axilite_b2s/WR.b_channel_0/bid_fifo_0/bresp_push                                |                                                                                                                         |                1 |              2 |
|  mcu_i/processing_system7_0/inst/FCLK_CLK0 | mcu_i/ps7_0_axi_periph/m02_couplers/auto_pc/inst/gen_axilite.gen_b2s_conv.axilite_b2s/WR.b_channel_0/bid_fifo_0/bresp_push                                |                                                                                                                         |                1 |              2 |
|  mcu_i/processing_system7_0/inst/FCLK_CLK0 | mcu_i/ps7_0_axi_periph/m05_couplers/auto_pc/inst/gen_axilite.gen_b2s_conv.axilite_b2s/WR.b_channel_0/bid_fifo_0/bresp_push                                |                                                                                                                         |                1 |              2 |
|  mcu_i/processing_system7_0/inst/FCLK_CLK0 | mcu_i/ps7_0_axi_periph/m00_couplers/auto_pc/inst/gen_axilite.gen_b2s_conv.axilite_b2s/WR.b_channel_0/bid_fifo_0/bresp_push                                |                                                                                                                         |                1 |              2 |
|  mcu_i/processing_system7_0/inst/FCLK_CLK0 | mcu_i/push_sw/U0/AXI_LITE_IPIF_I/I_SLAVE_ATTACHMENT/I_DECODER/Not_Dual.gpio_OE_reg[0][0]                                                                  | mcu_i/push_sw/U0/bus2ip_reset                                                                                           |                1 |              4 |
|  mcu_i/processing_system7_0/inst/FCLK_CLK0 | mcu_i/ps7_0_axi_periph/m00_couplers/auto_pc/inst/gen_axilite.gen_b2s_conv.axilite_b2s/WR.aw_channel_0/aw_cmd_fsm_0/b_push                                 |                                                                                                                         |                1 |              4 |
|  mcu_i/processing_system7_0/inst/FCLK_CLK0 | mcu_i/ps7_0_axi_periph/m01_couplers/auto_pc/inst/gen_axilite.gen_b2s_conv.axilite_b2s/WR.aw_channel_0/aw_cmd_fsm_0/b_push                                 |                                                                                                                         |                1 |              4 |
|  mcu_i/processing_system7_0/inst/FCLK_CLK0 |                                                                                                                                                           | mcu_i/Hash_Ctrl/U0/AXI_LITE_IPIF_I/I_SLAVE_ATTACHMENT/clear                                                             |                1 |              4 |
|  mcu_i/processing_system7_0/inst/FCLK_CLK0 | mcu_i/ps7_0_axi_periph/m02_couplers/auto_pc/inst/gen_axilite.gen_b2s_conv.axilite_b2s/WR.aw_channel_0/aw_cmd_fsm_0/b_push                                 |                                                                                                                         |                1 |              4 |
|  mcu_i/processing_system7_0/inst/FCLK_CLK0 | mcu_i/ps7_0_axi_periph/m04_couplers/auto_pc/inst/gen_axilite.gen_b2s_conv.axilite_b2s/WR.aw_channel_0/aw_cmd_fsm_0/b_push                                 |                                                                                                                         |                1 |              4 |
|  mcu_i/processing_system7_0/inst/FCLK_CLK0 | mcu_i/ps7_0_axi_periph/m05_couplers/auto_pc/inst/gen_axilite.gen_b2s_conv.axilite_b2s/WR.aw_channel_0/aw_cmd_fsm_0/b_push                                 |                                                                                                                         |                1 |              4 |
|  mcu_i/processing_system7_0/inst/FCLK_CLK0 |                                                                                                                                                           | mcu_i/Hash_data/U0/AXI_LITE_IPIF_I/I_SLAVE_ATTACHMENT/clear                                                             |                1 |              4 |
|  mcu_i/processing_system7_0/inst/FCLK_CLK0 |                                                                                                                                                           | mcu_i/led/U0/AXI_LITE_IPIF_I/I_SLAVE_ATTACHMENT/clear                                                                   |                2 |              4 |
|  mcu_i/processing_system7_0/inst/FCLK_CLK0 |                                                                                                                                                           | mcu_i/lcd/U0/AXI_LITE_IPIF_I/I_SLAVE_ATTACHMENT/clear                                                                   |                1 |              4 |
|  mcu_i/processing_system7_0/inst/FCLK_CLK0 |                                                                                                                                                           | mcu_i/push_sw/U0/AXI_LITE_IPIF_I/I_SLAVE_ATTACHMENT/I_DECODER/Not_Dual.ALLIN1_ND.READ_REG_GEN[0].reg1_reg[28]           |                1 |              4 |
|  mcu_i/processing_system7_0/inst/FCLK_CLK0 |                                                                                                                                                           | mcu_i/push_sw/U0/AXI_LITE_IPIF_I/I_SLAVE_ATTACHMENT/clear                                                               |                2 |              4 |
|  mcu_i/processing_system7_0/inst/FCLK_CLK0 |                                                                                                                                                           | mcu_i/ps7_0_axi_periph/m00_couplers/auto_pc/inst/gen_axilite.gen_b2s_conv.axilite_b2s/SI_REG/ar.ar_pipe/m_valid_i_reg_0 |                2 |              4 |
|  mcu_i/processing_system7_0/inst/FCLK_CLK0 |                                                                                                                                                           | mcu_i/ps7_0_axi_periph/m00_couplers/auto_pc/inst/gen_axilite.gen_b2s_conv.axilite_b2s/SI_REG/aw.aw_pipe/s_ready_i_reg_0 |                3 |              4 |
|  mcu_i/processing_system7_0/inst/FCLK_CLK0 |                                                                                                                                                           | mcu_i/ps7_0_axi_periph/m01_couplers/auto_pc/inst/gen_axilite.gen_b2s_conv.axilite_b2s/SI_REG/ar.ar_pipe/m_valid_i_reg_0 |                4 |              4 |
|  mcu_i/processing_system7_0/inst/FCLK_CLK0 |                                                                                                                                                           | mcu_i/ps7_0_axi_periph/m01_couplers/auto_pc/inst/gen_axilite.gen_b2s_conv.axilite_b2s/SI_REG/aw.aw_pipe/s_ready_i_reg_0 |                3 |              4 |
|  mcu_i/processing_system7_0/inst/FCLK_CLK0 |                                                                                                                                                           | mcu_i/ps7_0_axi_periph/m02_couplers/auto_pc/inst/gen_axilite.gen_b2s_conv.axilite_b2s/SI_REG/ar.ar_pipe/m_valid_i_reg_0 |                2 |              4 |
|  mcu_i/processing_system7_0/inst/FCLK_CLK0 |                                                                                                                                                           | mcu_i/ps7_0_axi_periph/m02_couplers/auto_pc/inst/gen_axilite.gen_b2s_conv.axilite_b2s/SI_REG/aw.aw_pipe/s_ready_i_reg_0 |                2 |              4 |
|  mcu_i/processing_system7_0/inst/FCLK_CLK0 |                                                                                                                                                           | mcu_i/ps7_0_axi_periph/m04_couplers/auto_pc/inst/gen_axilite.gen_b2s_conv.axilite_b2s/SI_REG/ar.ar_pipe/m_valid_i_reg_0 |                4 |              4 |
|  mcu_i/processing_system7_0/inst/FCLK_CLK0 |                                                                                                                                                           | mcu_i/ps7_0_axi_periph/m04_couplers/auto_pc/inst/gen_axilite.gen_b2s_conv.axilite_b2s/SI_REG/aw.aw_pipe/s_ready_i_reg_0 |                4 |              4 |
|  mcu_i/processing_system7_0/inst/FCLK_CLK0 |                                                                                                                                                           | mcu_i/ps7_0_axi_periph/m05_couplers/auto_pc/inst/gen_axilite.gen_b2s_conv.axilite_b2s/SI_REG/ar.ar_pipe/m_valid_i_reg_0 |                3 |              4 |
|  mcu_i/processing_system7_0/inst/FCLK_CLK0 |                                                                                                                                                           | mcu_i/ps7_0_axi_periph/m05_couplers/auto_pc/inst/gen_axilite.gen_b2s_conv.axilite_b2s/SI_REG/aw.aw_pipe/s_ready_i_reg_0 |                3 |              4 |
|  mcu_i/processing_system7_0/inst/FCLK_CLK0 | mcu_i/Hash_Ctrl/U0/AXI_LITE_IPIF_I/I_SLAVE_ATTACHMENT/bus2ip_addr_i[8]_i_1_n_0                                                                            | mcu_i/Hash_Ctrl/U0/AXI_LITE_IPIF_I/I_SLAVE_ATTACHMENT/SR                                                                |                2 |              4 |
|  mcu_i/processing_system7_0/inst/FCLK_CLK0 | mcu_i/Hash_Ctrl/U0/AXI_LITE_IPIF_I/I_SLAVE_ATTACHMENT/start2                                                                                              | mcu_i/Hash_Ctrl/U0/AXI_LITE_IPIF_I/I_SLAVE_ATTACHMENT/I_DECODER/cs_ce_clr                                               |                1 |              4 |
|  mcu_i/processing_system7_0/inst/FCLK_CLK0 | mcu_i/axi_bram_ctrl_0/U0/gext_inst.abcv4_0_ext_inst/GEN_AXI4.I_FULL_AXI/I_RD_CHNL/FSM_sequential_rd_data_sm_cs[3]_i_1_n_0                                 | mcu_i/axi_bram_ctrl_0/U0/gext_inst.abcv4_0_ext_inst/GEN_AXI4.I_FULL_AXI/I_RD_CHNL/I_WRAP_BRST/SR[0]                     |                2 |              4 |
|  mcu_i/processing_system7_0/inst/FCLK_CLK0 | mcu_i/Hash_data/U0/AXI_LITE_IPIF_I/I_SLAVE_ATTACHMENT/start2                                                                                              | mcu_i/Hash_data/U0/AXI_LITE_IPIF_I/I_SLAVE_ATTACHMENT/I_DECODER/cs_ce_clr                                               |                1 |              4 |
|  mcu_i/processing_system7_0/inst/FCLK_CLK0 | mcu_i/Hash_data/U0/AXI_LITE_IPIF_I/I_SLAVE_ATTACHMENT/bus2ip_addr_i[8]_i_1_n_0                                                                            | mcu_i/Hash_data/U0/AXI_LITE_IPIF_I/I_SLAVE_ATTACHMENT/SR                                                                |                2 |              4 |
|  mcu_i/processing_system7_0/inst/FCLK_CLK0 | mcu_i/axi_bram_ctrl_0/U0/gext_inst.abcv4_0_ext_inst/GEN_AXI4.I_FULL_AXI/I_WR_CHNL/wrdata_reg_ld                                                           | mcu_i/axi_bram_ctrl_0/U0/gext_inst.abcv4_0_ext_inst/GEN_AXI4.I_FULL_AXI/I_WR_CHNL/p_2_out                               |                1 |              4 |
|  mcu_i/processing_system7_0/inst/FCLK_CLK0 | mcu_i/led/U0/AXI_LITE_IPIF_I/I_SLAVE_ATTACHMENT/bus2ip_addr_i[8]_i_1_n_0                                                                                  | mcu_i/led/U0/AXI_LITE_IPIF_I/I_SLAVE_ATTACHMENT/SR                                                                      |                1 |              4 |
|  mcu_i/processing_system7_0/inst/FCLK_CLK0 | mcu_i/led/U0/AXI_LITE_IPIF_I/I_SLAVE_ATTACHMENT/start2                                                                                                    | mcu_i/led/U0/AXI_LITE_IPIF_I/I_SLAVE_ATTACHMENT/I_DECODER/cs_ce_clr                                                     |                1 |              4 |
|  mcu_i/processing_system7_0/inst/FCLK_CLK0 | mcu_i/lcd/U0/AXI_LITE_IPIF_I/I_SLAVE_ATTACHMENT/bus2ip_addr_i[8]_i_1_n_0                                                                                  | mcu_i/lcd/U0/AXI_LITE_IPIF_I/I_SLAVE_ATTACHMENT/SR                                                                      |                2 |              4 |
|  mcu_i/processing_system7_0/inst/FCLK_CLK0 | mcu_i/lcd/U0/AXI_LITE_IPIF_I/I_SLAVE_ATTACHMENT/start2                                                                                                    | mcu_i/lcd/U0/AXI_LITE_IPIF_I/I_SLAVE_ATTACHMENT/I_DECODER/cs_ce_clr                                                     |                1 |              4 |
|  mcu_i/processing_system7_0/inst/FCLK_CLK0 |                                                                                                                                                           | mcu_i/rst_ps7_0_50M/U0/EXT_LPF/lpf_int                                                                                  |                2 |              5 |
|  mcu_i/processing_system7_0/inst/FCLK_CLK0 | mcu_i/rst_ps7_0_50M/U0/SEQ/seq_cnt_en                                                                                                                     | mcu_i/rst_ps7_0_50M/U0/SEQ/SEQ_COUNTER/clear                                                                            |                1 |              6 |
|  mcu_i/processing_system7_0/inst/FCLK_CLK0 | mcu_i/push_sw/U0/AXI_LITE_IPIF_I/I_SLAVE_ATTACHMENT/s_axi_rdata_i                                                                                         | mcu_i/push_sw/U0/bus2ip_reset                                                                                           |                2 |              6 |
|  mcu_i/processing_system7_0/inst/FCLK_CLK0 | mcu_i/axi_bram_ctrl_0/U0/gext_inst.abcv4_0_ext_inst/GEN_AXI4.I_FULL_AXI/I_RD_CHNL/brst_cnt[7]_i_1_n_0                                                     | mcu_i/axi_bram_ctrl_0/U0/gext_inst.abcv4_0_ext_inst/GEN_AXI4.I_FULL_AXI/I_RD_CHNL/I_WRAP_BRST/SR[0]                     |                4 |              8 |
|  mcu_i/processing_system7_0/inst/FCLK_CLK0 | mcu_i/ps7_0_axi_periph/m00_couplers/auto_pc/inst/gen_axilite.gen_b2s_conv.axilite_b2s/WR.b_channel_0/mhandshake_r                                         | mcu_i/ps7_0_axi_periph/m00_couplers/auto_pc/inst/gen_axilite.gen_b2s_conv.axilite_b2s/WR.b_channel_0/bid_fifo_0/SR[0]   |                3 |              8 |
|  mcu_i/processing_system7_0/inst/FCLK_CLK0 | mcu_i/ps7_0_axi_periph/m04_couplers/auto_pc/inst/gen_axilite.gen_b2s_conv.axilite_b2s/WR.b_channel_0/mhandshake_r                                         | mcu_i/ps7_0_axi_periph/m04_couplers/auto_pc/inst/gen_axilite.gen_b2s_conv.axilite_b2s/WR.b_channel_0/bid_fifo_0/SR[0]   |                3 |              8 |
|  mcu_i/processing_system7_0/inst/FCLK_CLK0 | mcu_i/ps7_0_axi_periph/m01_couplers/auto_pc/inst/gen_axilite.gen_b2s_conv.axilite_b2s/WR.b_channel_0/mhandshake_r                                         | mcu_i/ps7_0_axi_periph/m01_couplers/auto_pc/inst/gen_axilite.gen_b2s_conv.axilite_b2s/WR.b_channel_0/bid_fifo_0/SR[0]   |                2 |              8 |
|  mcu_i/processing_system7_0/inst/FCLK_CLK0 | mcu_i/ps7_0_axi_periph/m02_couplers/auto_pc/inst/gen_axilite.gen_b2s_conv.axilite_b2s/WR.b_channel_0/mhandshake_r                                         | mcu_i/ps7_0_axi_periph/m02_couplers/auto_pc/inst/gen_axilite.gen_b2s_conv.axilite_b2s/WR.b_channel_0/bid_fifo_0/SR[0]   |                3 |              8 |
|  mcu_i/processing_system7_0/inst/FCLK_CLK0 |                                                                                                                                                           | mcu_i/led/U0/AXI_LITE_IPIF_I/I_SLAVE_ATTACHMENT/I_DECODER/Not_Dual.ALLOUT_ND.READ_REG_GEN[0].reg1_reg[24]               |                1 |              8 |
|  mcu_i/processing_system7_0/inst/FCLK_CLK0 | mcu_i/ps7_0_axi_periph/m05_couplers/auto_pc/inst/gen_axilite.gen_b2s_conv.axilite_b2s/WR.b_channel_0/mhandshake_r                                         | mcu_i/ps7_0_axi_periph/m05_couplers/auto_pc/inst/gen_axilite.gen_b2s_conv.axilite_b2s/WR.b_channel_0/bid_fifo_0/SR[0]   |                2 |              8 |
|  mcu_i/processing_system7_0/inst/FCLK_CLK0 | mcu_i/push_sw/U0/AXI_LITE_IPIF_I/I_SLAVE_ATTACHMENT/start2_i_1_n_0                                                                                        | mcu_i/push_sw/U0/bus2ip_reset                                                                                           |                2 |              8 |
|  mcu_i/processing_system7_0/inst/FCLK_CLK0 | mcu_i/ps7_0_axi_periph/xbar/inst/gen_sasd.crossbar_sasd_0/gen_decerr.decerr_slave_inst/gen_axi.read_cnt[7]_i_1_n_0                                        | mcu_i/ps7_0_axi_periph/xbar/inst/gen_sasd.crossbar_sasd_0/addr_arbiter_inst/SR[0]                                       |                3 |              8 |
|  mcu_i/processing_system7_0/inst/FCLK_CLK0 | mcu_i/led/U0/AXI_LITE_IPIF_I/I_SLAVE_ATTACHMENT/s_axi_rdata_i[31]_i_1_n_0                                                                                 | mcu_i/led/U0/AXI_LITE_IPIF_I/I_SLAVE_ATTACHMENT/SR                                                                      |                2 |              9 |
|  mcu_i/processing_system7_0/inst/FCLK_CLK0 | mcu_i/axi_bram_ctrl_0/U0/gext_inst.abcv4_0_ext_inst/GEN_AXI4.I_FULL_AXI/I_RD_CHNL/I_WRAP_BRST/E[0]                                                        | mcu_i/axi_bram_ctrl_0/U0/gext_inst.abcv4_0_ext_inst/GEN_AXI4.I_FULL_AXI/I_WR_CHNL/I_WRAP_BRST/SR[0]                     |                5 |             10 |
|  mcu_i/processing_system7_0/inst/FCLK_CLK0 |                                                                                                                                                           | mcu_i/lcd/U0/AXI_LITE_IPIF_I/I_SLAVE_ATTACHMENT/I_DECODER/Not_Dual.ALLOUT_ND.READ_REG_GEN[0].reg1_reg[21]               |                2 |             11 |
|  mcu_i/processing_system7_0/inst/FCLK_CLK0 | mcu_i/ps7_0_axi_periph/m04_couplers/auto_pc/inst/gen_axilite.gen_b2s_conv.axilite_b2s/WR.aw_channel_0/cmd_translator_0/incr_cmd_0/axaddr_incr[11]_i_1_n_0 |                                                                                                                         |                2 |             12 |
|  mcu_i/processing_system7_0/inst/FCLK_CLK0 | mcu_i/ps7_0_axi_periph/m04_couplers/auto_pc/inst/gen_axilite.gen_b2s_conv.axilite_b2s/WR.aw_channel_0/aw_cmd_fsm_0/E[0]                                   |                                                                                                                         |                3 |             12 |
|  mcu_i/processing_system7_0/inst/FCLK_CLK0 | mcu_i/ps7_0_axi_periph/m02_couplers/auto_pc/inst/gen_axilite.gen_b2s_conv.axilite_b2s/RD.ar_channel_0/ar_cmd_fsm_0/E[0]                                   |                                                                                                                         |                3 |             12 |
|  mcu_i/processing_system7_0/inst/FCLK_CLK0 | mcu_i/ps7_0_axi_periph/m01_couplers/auto_pc/inst/gen_axilite.gen_b2s_conv.axilite_b2s/WR.aw_channel_0/cmd_translator_0/incr_cmd_0/axaddr_incr[11]_i_1_n_0 |                                                                                                                         |                2 |             12 |
|  mcu_i/processing_system7_0/inst/FCLK_CLK0 | mcu_i/ps7_0_axi_periph/m04_couplers/auto_pc/inst/gen_axilite.gen_b2s_conv.axilite_b2s/RD.ar_channel_0/ar_cmd_fsm_0/axaddr_incr_reg[0][0]                  |                                                                                                                         |                3 |             12 |
|  mcu_i/processing_system7_0/inst/FCLK_CLK0 | mcu_i/ps7_0_axi_periph/m02_couplers/auto_pc/inst/gen_axilite.gen_b2s_conv.axilite_b2s/RD.ar_channel_0/ar_cmd_fsm_0/axaddr_incr_reg[0][0]                  |                                                                                                                         |                3 |             12 |
|  mcu_i/processing_system7_0/inst/FCLK_CLK0 | mcu_i/ps7_0_axi_periph/m04_couplers/auto_pc/inst/gen_axilite.gen_b2s_conv.axilite_b2s/RD.ar_channel_0/ar_cmd_fsm_0/E[0]                                   |                                                                                                                         |                3 |             12 |
|  mcu_i/processing_system7_0/inst/FCLK_CLK0 | mcu_i/ps7_0_axi_periph/m01_couplers/auto_pc/inst/gen_axilite.gen_b2s_conv.axilite_b2s/RD.ar_channel_0/ar_cmd_fsm_0/axaddr_incr_reg[0][0]                  |                                                                                                                         |                4 |             12 |
|  mcu_i/processing_system7_0/inst/FCLK_CLK0 | mcu_i/ps7_0_axi_periph/m01_couplers/auto_pc/inst/gen_axilite.gen_b2s_conv.axilite_b2s/WR.aw_channel_0/aw_cmd_fsm_0/E[0]                                   |                                                                                                                         |                6 |             12 |
|  mcu_i/processing_system7_0/inst/FCLK_CLK0 | mcu_i/ps7_0_axi_periph/m05_couplers/auto_pc/inst/gen_axilite.gen_b2s_conv.axilite_b2s/RD.ar_channel_0/ar_cmd_fsm_0/E[0]                                   |                                                                                                                         |                4 |             12 |
|  mcu_i/processing_system7_0/inst/FCLK_CLK0 | mcu_i/ps7_0_axi_periph/m05_couplers/auto_pc/inst/gen_axilite.gen_b2s_conv.axilite_b2s/RD.ar_channel_0/ar_cmd_fsm_0/axaddr_incr_reg[0][0]                  |                                                                                                                         |                3 |             12 |
|  mcu_i/processing_system7_0/inst/FCLK_CLK0 | mcu_i/ps7_0_axi_periph/m05_couplers/auto_pc/inst/gen_axilite.gen_b2s_conv.axilite_b2s/WR.aw_channel_0/aw_cmd_fsm_0/E[0]                                   |                                                                                                                         |                5 |             12 |
|  mcu_i/processing_system7_0/inst/FCLK_CLK0 | mcu_i/lcd/U0/AXI_LITE_IPIF_I/I_SLAVE_ATTACHMENT/s_axi_rdata_i[31]_i_1_n_0                                                                                 | mcu_i/lcd/U0/AXI_LITE_IPIF_I/I_SLAVE_ATTACHMENT/SR                                                                      |                2 |             12 |
|  mcu_i/processing_system7_0/inst/FCLK_CLK0 | mcu_i/ps7_0_axi_periph/m05_couplers/auto_pc/inst/gen_axilite.gen_b2s_conv.axilite_b2s/WR.aw_channel_0/cmd_translator_0/incr_cmd_0/axaddr_incr[11]_i_1_n_0 |                                                                                                                         |                3 |             12 |
|  mcu_i/processing_system7_0/inst/FCLK_CLK0 | mcu_i/ps7_0_axi_periph/m02_couplers/auto_pc/inst/gen_axilite.gen_b2s_conv.axilite_b2s/WR.aw_channel_0/cmd_translator_0/incr_cmd_0/axaddr_incr[11]_i_1_n_0 |                                                                                                                         |                2 |             12 |
|  mcu_i/processing_system7_0/inst/FCLK_CLK0 | mcu_i/ps7_0_axi_periph/m02_couplers/auto_pc/inst/gen_axilite.gen_b2s_conv.axilite_b2s/WR.aw_channel_0/aw_cmd_fsm_0/E[0]                                   |                                                                                                                         |                5 |             12 |
|  mcu_i/processing_system7_0/inst/FCLK_CLK0 | mcu_i/ps7_0_axi_periph/m00_couplers/auto_pc/inst/gen_axilite.gen_b2s_conv.axilite_b2s/WR.aw_channel_0/aw_cmd_fsm_0/E[0]                                   |                                                                                                                         |                5 |             12 |
|  mcu_i/processing_system7_0/inst/FCLK_CLK0 | mcu_i/ps7_0_axi_periph/m01_couplers/auto_pc/inst/gen_axilite.gen_b2s_conv.axilite_b2s/RD.ar_channel_0/ar_cmd_fsm_0/E[0]                                   |                                                                                                                         |                4 |             12 |
|  mcu_i/processing_system7_0/inst/FCLK_CLK0 | mcu_i/ps7_0_axi_periph/m00_couplers/auto_pc/inst/gen_axilite.gen_b2s_conv.axilite_b2s/WR.aw_channel_0/cmd_translator_0/incr_cmd_0/axaddr_incr[11]_i_1_n_0 |                                                                                                                         |                2 |             12 |
|  mcu_i/processing_system7_0/inst/FCLK_CLK0 | mcu_i/ps7_0_axi_periph/m00_couplers/auto_pc/inst/gen_axilite.gen_b2s_conv.axilite_b2s/RD.ar_channel_0/ar_cmd_fsm_0/E[0]                                   |                                                                                                                         |                5 |             12 |
|  mcu_i/processing_system7_0/inst/FCLK_CLK0 | mcu_i/ps7_0_axi_periph/m00_couplers/auto_pc/inst/gen_axilite.gen_b2s_conv.axilite_b2s/RD.ar_channel_0/ar_cmd_fsm_0/axaddr_incr_reg[0][0]                  |                                                                                                                         |                5 |             12 |
|  mcu_i/processing_system7_0/inst/FCLK_CLK0 | mcu_i/axi_bram_ctrl_0/U0/gext_inst.abcv4_0_ext_inst/GEN_AXI4.I_FULL_AXI/GEN_ARB.I_SNG_PORT/E[0]                                                           | mcu_i/axi_bram_ctrl_0/U0/gext_inst.abcv4_0_ext_inst/GEN_AXI4.I_FULL_AXI/I_RD_CHNL/I_WRAP_BRST/SR[0]                     |                4 |             13 |
|  mcu_i/processing_system7_0/inst/FCLK_CLK0 | mcu_i/axi_bram_ctrl_0/U0/gext_inst.abcv4_0_ext_inst/GEN_AXI4.I_FULL_AXI/GEN_ARB.I_SNG_PORT/ar_active_re                                                   | mcu_i/axi_bram_ctrl_0/U0/gext_inst.abcv4_0_ext_inst/GEN_AXI4.I_FULL_AXI/I_RD_CHNL/I_WRAP_BRST/SR[0]                     |                6 |             15 |
|  mcu_i/processing_system7_0/inst/FCLK_CLK0 | mcu_i/led/U0/AXI_LITE_IPIF_I/I_SLAVE_ATTACHMENT/I_DECODER/E[0]                                                                                            | mcu_i/led/U0/AXI_LITE_IPIF_I/I_SLAVE_ATTACHMENT/SR                                                                      |                4 |             16 |
|  mcu_i/processing_system7_0/inst/FCLK_CLK0 |                                                                                                                                                           | mcu_i/ps7_0_axi_periph/xbar/inst/gen_sasd.crossbar_sasd_0/addr_arbiter_inst/SR[0]                                       |                9 |             19 |
|  mcu_i/processing_system7_0/inst/FCLK_CLK0 | mcu_i/ps7_0_axi_periph/m01_couplers/auto_pc/inst/gen_axilite.gen_b2s_conv.axilite_b2s/RD.ar_channel_0/ar_cmd_fsm_0/m_payload_i_reg[0]_0[0]                |                                                                                                                         |                5 |             20 |
|  mcu_i/processing_system7_0/inst/FCLK_CLK0 | mcu_i/ps7_0_axi_periph/m04_couplers/auto_pc/inst/gen_axilite.gen_b2s_conv.axilite_b2s/SI_REG/aw.aw_pipe/s_axi_awready                                     |                                                                                                                         |                6 |             20 |
|  mcu_i/processing_system7_0/inst/FCLK_CLK0 | mcu_i/ps7_0_axi_periph/m00_couplers/auto_pc/inst/gen_axilite.gen_b2s_conv.axilite_b2s/SI_REG/ar.ar_pipe/s_axi_arready                                     |                                                                                                                         |                6 |             20 |
|  mcu_i/processing_system7_0/inst/FCLK_CLK0 | mcu_i/ps7_0_axi_periph/m04_couplers/auto_pc/inst/gen_axilite.gen_b2s_conv.axilite_b2s/SI_REG/ar.ar_pipe/s_axi_arready                                     |                                                                                                                         |                4 |             20 |
|  mcu_i/processing_system7_0/inst/FCLK_CLK0 | mcu_i/ps7_0_axi_periph/m01_couplers/auto_pc/inst/gen_axilite.gen_b2s_conv.axilite_b2s/SI_REG/ar.ar_pipe/s_axi_arready                                     |                                                                                                                         |                4 |             20 |
|  mcu_i/processing_system7_0/inst/FCLK_CLK0 | mcu_i/ps7_0_axi_periph/m01_couplers/auto_pc/inst/gen_axilite.gen_b2s_conv.axilite_b2s/SI_REG/aw.aw_pipe/s_axi_awready                                     |                                                                                                                         |                6 |             20 |
|  mcu_i/processing_system7_0/inst/FCLK_CLK0 | mcu_i/ps7_0_axi_periph/m01_couplers/auto_pc/inst/gen_axilite.gen_b2s_conv.axilite_b2s/WR.aw_channel_0/aw_cmd_fsm_0/m_payload_i_reg[0][0]                  |                                                                                                                         |                4 |             20 |
|  mcu_i/processing_system7_0/inst/FCLK_CLK0 | mcu_i/ps7_0_axi_periph/m02_couplers/auto_pc/inst/gen_axilite.gen_b2s_conv.axilite_b2s/SI_REG/aw.aw_pipe/s_axi_awready                                     |                                                                                                                         |                6 |             20 |
|  mcu_i/processing_system7_0/inst/FCLK_CLK0 | mcu_i/ps7_0_axi_periph/m02_couplers/auto_pc/inst/gen_axilite.gen_b2s_conv.axilite_b2s/SI_REG/ar.ar_pipe/s_axi_arready                                     |                                                                                                                         |                6 |             20 |
|  mcu_i/processing_system7_0/inst/FCLK_CLK0 | mcu_i/push_sw/U0/AXI_LITE_IPIF_I/I_SLAVE_ATTACHMENT/start2                                                                                                | mcu_i/push_sw/U0/AXI_LITE_IPIF_I/I_SLAVE_ATTACHMENT/I_DECODER/cs_ce_clr                                                 |                4 |             20 |
|  mcu_i/processing_system7_0/inst/FCLK_CLK0 | mcu_i/ps7_0_axi_periph/m02_couplers/auto_pc/inst/gen_axilite.gen_b2s_conv.axilite_b2s/RD.ar_channel_0/ar_cmd_fsm_0/m_payload_i_reg[0]_0[0]                |                                                                                                                         |                5 |             20 |
|  mcu_i/processing_system7_0/inst/FCLK_CLK0 | mcu_i/ps7_0_axi_periph/m02_couplers/auto_pc/inst/gen_axilite.gen_b2s_conv.axilite_b2s/WR.aw_channel_0/aw_cmd_fsm_0/m_payload_i_reg[0][0]                  |                                                                                                                         |                5 |             20 |
|  mcu_i/processing_system7_0/inst/FCLK_CLK0 | mcu_i/ps7_0_axi_periph/m04_couplers/auto_pc/inst/gen_axilite.gen_b2s_conv.axilite_b2s/WR.aw_channel_0/aw_cmd_fsm_0/m_payload_i_reg[0][0]                  |                                                                                                                         |                7 |             20 |
|  mcu_i/processing_system7_0/inst/FCLK_CLK0 | mcu_i/ps7_0_axi_periph/m00_couplers/auto_pc/inst/gen_axilite.gen_b2s_conv.axilite_b2s/WR.aw_channel_0/aw_cmd_fsm_0/m_payload_i_reg[0][0]                  |                                                                                                                         |                6 |             20 |
|  mcu_i/processing_system7_0/inst/FCLK_CLK0 | mcu_i/ps7_0_axi_periph/m04_couplers/auto_pc/inst/gen_axilite.gen_b2s_conv.axilite_b2s/RD.ar_channel_0/ar_cmd_fsm_0/m_payload_i_reg[0]_0[0]                |                                                                                                                         |                4 |             20 |
|  mcu_i/processing_system7_0/inst/FCLK_CLK0 | mcu_i/ps7_0_axi_periph/m00_couplers/auto_pc/inst/gen_axilite.gen_b2s_conv.axilite_b2s/RD.ar_channel_0/ar_cmd_fsm_0/m_payload_i_reg[0]_0[0]                |                                                                                                                         |                6 |             20 |
|  mcu_i/processing_system7_0/inst/FCLK_CLK0 |                                                                                                                                                           | mcu_i/led/U0/AXI_LITE_IPIF_I/I_SLAVE_ATTACHMENT/SR                                                                      |                6 |             20 |
|  mcu_i/processing_system7_0/inst/FCLK_CLK0 | mcu_i/ps7_0_axi_periph/m05_couplers/auto_pc/inst/gen_axilite.gen_b2s_conv.axilite_b2s/SI_REG/ar.ar_pipe/s_axi_arready                                     |                                                                                                                         |                7 |             20 |
|  mcu_i/processing_system7_0/inst/FCLK_CLK0 | mcu_i/ps7_0_axi_periph/m05_couplers/auto_pc/inst/gen_axilite.gen_b2s_conv.axilite_b2s/SI_REG/aw.aw_pipe/s_axi_awready                                     |                                                                                                                         |                7 |             20 |
|  mcu_i/processing_system7_0/inst/FCLK_CLK0 | mcu_i/ps7_0_axi_periph/m05_couplers/auto_pc/inst/gen_axilite.gen_b2s_conv.axilite_b2s/WR.aw_channel_0/aw_cmd_fsm_0/m_payload_i_reg[0][0]                  |                                                                                                                         |                6 |             20 |
|  mcu_i/processing_system7_0/inst/FCLK_CLK0 | mcu_i/ps7_0_axi_periph/m00_couplers/auto_pc/inst/gen_axilite.gen_b2s_conv.axilite_b2s/SI_REG/aw.aw_pipe/s_axi_awready                                     |                                                                                                                         |                6 |             20 |
|  mcu_i/processing_system7_0/inst/FCLK_CLK0 | mcu_i/ps7_0_axi_periph/m05_couplers/auto_pc/inst/gen_axilite.gen_b2s_conv.axilite_b2s/RD.ar_channel_0/ar_cmd_fsm_0/m_payload_i_reg[0]_0[0]                |                                                                                                                         |                5 |             20 |
|  mcu_i/processing_system7_0/inst/FCLK_CLK0 | mcu_i/lcd/U0/AXI_LITE_IPIF_I/I_SLAVE_ATTACHMENT/I_DECODER/E[0]                                                                                            | mcu_i/lcd/U0/AXI_LITE_IPIF_I/I_SLAVE_ATTACHMENT/SR                                                                      |                6 |             22 |
|  mcu_i/processing_system7_0/inst/FCLK_CLK0 |                                                                                                                                                           | mcu_i/lcd/U0/AXI_LITE_IPIF_I/I_SLAVE_ATTACHMENT/SR                                                                      |                8 |             23 |
|  mcu_i/processing_system7_0/inst/FCLK_CLK0 | mcu_i/ps7_0_axi_periph/m04_couplers/auto_pc/inst/gen_axilite.gen_b2s_conv.axilite_b2s/RD.ar_channel_0/ar_cmd_fsm_0/axaddr_wrap_reg[11][0]                 |                                                                                                                         |                8 |             24 |
|  mcu_i/processing_system7_0/inst/FCLK_CLK0 | mcu_i/ps7_0_axi_periph/m01_couplers/auto_pc/inst/gen_axilite.gen_b2s_conv.axilite_b2s/WR.aw_channel_0/aw_cmd_fsm_0/axaddr_wrap_reg[0][0]                  |                                                                                                                         |               10 |             24 |
|  mcu_i/processing_system7_0/inst/FCLK_CLK0 | mcu_i/ps7_0_axi_periph/m02_couplers/auto_pc/inst/gen_axilite.gen_b2s_conv.axilite_b2s/RD.ar_channel_0/ar_cmd_fsm_0/axaddr_wrap_reg[11][0]                 |                                                                                                                         |                7 |             24 |
|  mcu_i/processing_system7_0/inst/FCLK_CLK0 | mcu_i/ps7_0_axi_periph/m02_couplers/auto_pc/inst/gen_axilite.gen_b2s_conv.axilite_b2s/WR.aw_channel_0/aw_cmd_fsm_0/axaddr_wrap_reg[0][0]                  |                                                                                                                         |                9 |             24 |
|  mcu_i/processing_system7_0/inst/FCLK_CLK0 | mcu_i/ps7_0_axi_periph/m00_couplers/auto_pc/inst/gen_axilite.gen_b2s_conv.axilite_b2s/WR.aw_channel_0/aw_cmd_fsm_0/axaddr_wrap_reg[0][0]                  |                                                                                                                         |               10 |             24 |
|  mcu_i/processing_system7_0/inst/FCLK_CLK0 | mcu_i/ps7_0_axi_periph/m05_couplers/auto_pc/inst/gen_axilite.gen_b2s_conv.axilite_b2s/WR.aw_channel_0/aw_cmd_fsm_0/axaddr_wrap_reg[0][0]                  |                                                                                                                         |               10 |             24 |
|  mcu_i/processing_system7_0/inst/FCLK_CLK0 | mcu_i/ps7_0_axi_periph/m04_couplers/auto_pc/inst/gen_axilite.gen_b2s_conv.axilite_b2s/WR.aw_channel_0/aw_cmd_fsm_0/axaddr_wrap_reg[0][0]                  |                                                                                                                         |                8 |             24 |
|  mcu_i/processing_system7_0/inst/FCLK_CLK0 | mcu_i/ps7_0_axi_periph/m00_couplers/auto_pc/inst/gen_axilite.gen_b2s_conv.axilite_b2s/RD.ar_channel_0/ar_cmd_fsm_0/axaddr_wrap_reg[11][0]                 |                                                                                                                         |               10 |             24 |
|  mcu_i/processing_system7_0/inst/FCLK_CLK0 | mcu_i/ps7_0_axi_periph/m01_couplers/auto_pc/inst/gen_axilite.gen_b2s_conv.axilite_b2s/RD.ar_channel_0/ar_cmd_fsm_0/axaddr_wrap_reg[11][0]                 |                                                                                                                         |                9 |             24 |
|  mcu_i/processing_system7_0/inst/FCLK_CLK0 | mcu_i/ps7_0_axi_periph/m05_couplers/auto_pc/inst/gen_axilite.gen_b2s_conv.axilite_b2s/RD.ar_channel_0/ar_cmd_fsm_0/axaddr_wrap_reg[11][0]                 |                                                                                                                         |                9 |             24 |
|  mcu_i/processing_system7_0/inst/FCLK_CLK0 |                                                                                                                                                           | mcu_i/axi_bram_ctrl_0/U0/gext_inst.abcv4_0_ext_inst/GEN_AXI4.I_FULL_AXI/I_RD_CHNL/I_WRAP_BRST/SR[0]                     |               18 |             30 |
|  mcu_i/processing_system7_0/inst/FCLK_CLK0 | mcu_i/axi_bram_ctrl_0/U0/gext_inst.abcv4_0_ext_inst/GEN_AXI4.I_FULL_AXI/I_RD_CHNL/rd_skid_buf_ld                                                          | mcu_i/axi_bram_ctrl_0/U0/gext_inst.abcv4_0_ext_inst/GEN_AXI4.I_FULL_AXI/I_RD_CHNL/I_WRAP_BRST/SR[0]                     |                5 |             32 |
|  mcu_i/processing_system7_0/inst/FCLK_CLK0 | mcu_i/Hash_data/U0/AXI_LITE_IPIF_I/I_SLAVE_ATTACHMENT/I_DECODER/E[0]                                                                                      | mcu_i/Hash_data/U0/AXI_LITE_IPIF_I/I_SLAVE_ATTACHMENT/SR                                                                |                6 |             32 |
|  mcu_i/processing_system7_0/inst/FCLK_CLK0 | mcu_i/ps7_0_axi_periph/m01_couplers/auto_pc/inst/gen_axilite.gen_b2s_conv.axilite_b2s/RD.r_channel_0/rd_data_fifo_0/wr_en0                                |                                                                                                                         |                8 |             32 |
|  mcu_i/processing_system7_0/inst/FCLK_CLK0 | mcu_i/Hash_data/U0/AXI_LITE_IPIF_I/I_SLAVE_ATTACHMENT/I_DECODER/Dual.gpio2_OE_reg[0][0]                                                                   | mcu_i/Hash_data/U0/AXI_LITE_IPIF_I/I_SLAVE_ATTACHMENT/SR                                                                |                8 |             32 |
|  mcu_i/processing_system7_0/inst/FCLK_CLK0 | mcu_i/axi_bram_ctrl_0/U0/gext_inst.abcv4_0_ext_inst/GEN_AXI4.I_FULL_AXI/I_RD_CHNL/axi_rdata_en                                                            | mcu_i/axi_bram_ctrl_0/U0/gext_inst.abcv4_0_ext_inst/GEN_AXI4.I_FULL_AXI/I_RD_CHNL/p_3_out                               |                7 |             32 |
|  mcu_i/processing_system7_0/inst/FCLK_CLK0 | mcu_i/Hash_Ctrl/U0/AXI_LITE_IPIF_I/I_SLAVE_ATTACHMENT/I_DECODER/E[0]                                                                                      | mcu_i/Hash_Ctrl/U0/AXI_LITE_IPIF_I/I_SLAVE_ATTACHMENT/SR                                                                |                7 |             32 |
|  mcu_i/processing_system7_0/inst/FCLK_CLK0 | mcu_i/Hash_Ctrl/U0/AXI_LITE_IPIF_I/I_SLAVE_ATTACHMENT/s_axi_rdata_i[31]_i_1_n_0                                                                           | mcu_i/Hash_Ctrl/U0/AXI_LITE_IPIF_I/I_SLAVE_ATTACHMENT/SR                                                                |                6 |             32 |
|  mcu_i/processing_system7_0/inst/FCLK_CLK0 | mcu_i/axi_bram_ctrl_0/U0/gext_inst.abcv4_0_ext_inst/GEN_AXI4.I_FULL_AXI/I_WR_CHNL/wrdata_reg_ld                                                           |                                                                                                                         |                7 |             32 |
|  mcu_i/processing_system7_0/inst/FCLK_CLK0 | mcu_i/ps7_0_axi_periph/m02_couplers/auto_pc/inst/gen_axilite.gen_b2s_conv.axilite_b2s/RD.r_channel_0/rd_data_fifo_0/wr_en0                                |                                                                                                                         |                9 |             32 |
|  mcu_i/processing_system7_0/inst/FCLK_CLK0 | mcu_i/Hash_data/U0/AXI_LITE_IPIF_I/I_SLAVE_ATTACHMENT/s_axi_rdata_i[31]_i_1_n_0                                                                           | mcu_i/Hash_data/U0/AXI_LITE_IPIF_I/I_SLAVE_ATTACHMENT/SR                                                                |                6 |             32 |
|  mcu_i/processing_system7_0/inst/FCLK_CLK0 | mcu_i/ps7_0_axi_periph/m04_couplers/auto_pc/inst/gen_axilite.gen_b2s_conv.axilite_b2s/RD.r_channel_0/rd_data_fifo_0/wr_en0                                |                                                                                                                         |                9 |             32 |
|  mcu_i/processing_system7_0/inst/FCLK_CLK0 | mcu_i/ps7_0_axi_periph/m05_couplers/auto_pc/inst/gen_axilite.gen_b2s_conv.axilite_b2s/RD.r_channel_0/rd_data_fifo_0/wr_en0                                |                                                                                                                         |                9 |             32 |
|  mcu_i/processing_system7_0/inst/FCLK_CLK0 | mcu_i/ps7_0_axi_periph/m00_couplers/auto_pc/inst/gen_axilite.gen_b2s_conv.axilite_b2s/RD.r_channel_0/rd_data_fifo_0/wr_en0                                |                                                                                                                         |                8 |             32 |
|  mcu_i/processing_system7_0/inst/FCLK_CLK0 | mcu_i/ps7_0_axi_periph/m00_couplers/auto_pc/inst/gen_axilite.gen_b2s_conv.axilite_b2s/SI_REG/r.r_pipe/p_1_in                                              |                                                                                                                         |                8 |             33 |
|  mcu_i/processing_system7_0/inst/FCLK_CLK0 | mcu_i/ps7_0_axi_periph/xbar/inst/gen_sasd.crossbar_sasd_0/reg_slice_r/aa_rready                                                                           |                                                                                                                         |                8 |             33 |
|  mcu_i/processing_system7_0/inst/FCLK_CLK0 | mcu_i/ps7_0_axi_periph/m04_couplers/auto_pc/inst/gen_axilite.gen_b2s_conv.axilite_b2s/SI_REG/r.r_pipe/p_1_in                                              |                                                                                                                         |                8 |             33 |
|  mcu_i/processing_system7_0/inst/FCLK_CLK0 | mcu_i/ps7_0_axi_periph/m04_couplers/auto_pc/inst/gen_axilite.gen_b2s_conv.axilite_b2s/SI_REG/r.r_pipe/skid_buffer_reg[0]_0                                |                                                                                                                         |                6 |             33 |
|  mcu_i/processing_system7_0/inst/FCLK_CLK0 |                                                                                                                                                           | mcu_i/Hash_Ctrl/U0/AXI_LITE_IPIF_I/I_SLAVE_ATTACHMENT/I_DECODER/Dual.ALLOUT1_ND_G2.READ_REG2_GEN[0].reg3_reg[0]         |                6 |             33 |
|  mcu_i/processing_system7_0/inst/FCLK_CLK0 | mcu_i/ps7_0_axi_periph/m01_couplers/auto_pc/inst/gen_axilite.gen_b2s_conv.axilite_b2s/SI_REG/r.r_pipe/skid_buffer_reg[0]_0                                |                                                                                                                         |                6 |             33 |
|  mcu_i/processing_system7_0/inst/FCLK_CLK0 | mcu_i/ps7_0_axi_periph/m01_couplers/auto_pc/inst/gen_axilite.gen_b2s_conv.axilite_b2s/SI_REG/r.r_pipe/p_1_in                                              |                                                                                                                         |                7 |             33 |
|  mcu_i/processing_system7_0/inst/FCLK_CLK0 | mcu_i/ps7_0_axi_periph/m00_couplers/auto_pc/inst/gen_axilite.gen_b2s_conv.axilite_b2s/SI_REG/r.r_pipe/skid_buffer_reg[0]_0                                |                                                                                                                         |                7 |             33 |
|  mcu_i/processing_system7_0/inst/FCLK_CLK0 | mcu_i/ps7_0_axi_periph/m05_couplers/auto_pc/inst/gen_axilite.gen_b2s_conv.axilite_b2s/SI_REG/r.r_pipe/skid_buffer_reg[0]_0                                |                                                                                                                         |                7 |             33 |
|  mcu_i/processing_system7_0/inst/FCLK_CLK0 | mcu_i/ps7_0_axi_periph/m05_couplers/auto_pc/inst/gen_axilite.gen_b2s_conv.axilite_b2s/SI_REG/r.r_pipe/p_1_in                                              |                                                                                                                         |               10 |             33 |
|  mcu_i/processing_system7_0/inst/FCLK_CLK0 | mcu_i/ps7_0_axi_periph/m02_couplers/auto_pc/inst/gen_axilite.gen_b2s_conv.axilite_b2s/SI_REG/r.r_pipe/p_1_in                                              |                                                                                                                         |               12 |             33 |
|  mcu_i/processing_system7_0/inst/FCLK_CLK0 | mcu_i/ps7_0_axi_periph/m02_couplers/auto_pc/inst/gen_axilite.gen_b2s_conv.axilite_b2s/SI_REG/r.r_pipe/skid_buffer_reg[0]_0                                |                                                                                                                         |               11 |             33 |
|  mcu_i/processing_system7_0/inst/FCLK_CLK0 | mcu_i/ps7_0_axi_periph/xbar/inst/gen_sasd.crossbar_sasd_0/addr_arbiter_inst/E[0]                                                                          |                                                                                                                         |                7 |             35 |
|  mcu_i/processing_system7_0/inst/FCLK_CLK0 |                                                                                                                                                           | mcu_i/push_sw/U0/bus2ip_reset                                                                                           |               12 |             36 |
|  mcu_i/processing_system7_0/inst/FCLK_CLK0 |                                                                                                                                                           | mcu_i/Hash_data/U0/AXI_LITE_IPIF_I/I_SLAVE_ATTACHMENT/SR                                                                |               14 |             43 |
|  mcu_i/processing_system7_0/inst/FCLK_CLK0 |                                                                                                                                                           | mcu_i/ps7_0_axi_periph/m00_couplers/auto_pc/inst/gen_axilite.gen_b2s_conv.axilite_b2s/areset_d1                         |               13 |             44 |
|  mcu_i/processing_system7_0/inst/FCLK_CLK0 |                                                                                                                                                           | mcu_i/ps7_0_axi_periph/m02_couplers/auto_pc/inst/gen_axilite.gen_b2s_conv.axilite_b2s/areset_d1                         |               12 |             44 |
|  mcu_i/processing_system7_0/inst/FCLK_CLK0 |                                                                                                                                                           | mcu_i/ps7_0_axi_periph/m01_couplers/auto_pc/inst/gen_axilite.gen_b2s_conv.axilite_b2s/areset_d1                         |               13 |             44 |
|  mcu_i/processing_system7_0/inst/FCLK_CLK0 |                                                                                                                                                           | mcu_i/Hash_Ctrl/U0/AXI_LITE_IPIF_I/I_SLAVE_ATTACHMENT/SR                                                                |               13 |             44 |
|  mcu_i/processing_system7_0/inst/FCLK_CLK0 |                                                                                                                                                           | mcu_i/ps7_0_axi_periph/m05_couplers/auto_pc/inst/gen_axilite.gen_b2s_conv.axilite_b2s/areset_d1                         |               16 |             44 |
|  mcu_i/processing_system7_0/inst/FCLK_CLK0 |                                                                                                                                                           | mcu_i/ps7_0_axi_periph/m04_couplers/auto_pc/inst/gen_axilite.gen_b2s_conv.axilite_b2s/areset_d1                         |               14 |             44 |
|  mcu_i/processing_system7_0/inst/FCLK_CLK0 | mcu_i/ps7_0_axi_periph/xbar/inst/gen_sasd.crossbar_sasd_0/addr_arbiter_inst/p_0_in1_in                                                                    | mcu_i/ps7_0_axi_periph/xbar/inst/gen_sasd.crossbar_sasd_0/addr_arbiter_inst/SR[0]                                       |               14 |             52 |
|  mcu_i/processing_system7_0/inst/FCLK_CLK0 |                                                                                                                                                           | mcu_i/Hash_data/U0/AXI_LITE_IPIF_I/I_SLAVE_ATTACHMENT/I_DECODER/Dual.ALLIN0_ND_G2.READ_REG2_GEN[0].reg3_reg[0]          |               12 |             64 |
|  mcu_i/processing_system7_0/inst/FCLK_CLK0 |                                                                                                                                                           |                                                                                                                         |              191 |            526 |
+--------------------------------------------+-----------------------------------------------------------------------------------------------------------------------------------------------------------+-------------------------------------------------------------------------------------------------------------------------+------------------+----------------+


+--------+-----------------------+
| Fanout | Number of ControlSets |
+--------+-----------------------+
| 1      |                   101 |
| 2      |                     5 |
| 4      |                    32 |
| 5      |                     1 |
| 6      |                     2 |
| 8      |                     9 |
| 9      |                     1 |
| 10     |                     1 |
| 11     |                     1 |
| 12     |                    21 |
| 13     |                     1 |
| 15     |                     1 |
| 16+    |                    74 |
+--------+-----------------------+


